@	ERROR	 Fila:4 Columna:1
34.	ERROR	 Fila:7 Columna:3
3.	ERROR	 Fila:8 Columna:5
=	ERROR	 Fila:9 Columna:3
.	ERROR	 Fila:10 Columna:4
#	ERROR	 Fila:11 Columna:1
#	ERROR	 Fila:11 Columna:2
#	ERROR	 Fila:11 Columna:3
#	ERROR	 Fila:11 Columna:4
.	ERROR	 Fila:12 Columna:1
=	ERROR	 Fila:12 Columna:2
.	ERROR	 Fila:13 Columna:1
.	ERROR	 Fila:14 Columna:1
=	ERROR	 Fila:15 Columna:1
=	ERROR	 Fila:22 Columna:4
=	ERROR	 Fila:25 Columna:6
=	ERROR	 Fila:26 Columna:2
=	ERROR	 Fila:27 Columna:3
$	ERROR	 Fila:27 Columna:8
?	ERROR	 Fila:39 Columna:1
=	ERROR	 Fila:39 Columna:3
=	ERROR	 Fila:39 Columna:6
$	ERROR	 Fila:39 Columna:7
"	ERROR	 Fila:39 Columna:17
"	ERROR	 Fila:39 Columna:18
"	ERROR	 Fila:39 Columna:19
?	ERROR	 Fila:43 Columna:10
?	ERROR	 Fila:43 Columna:11
?	ERROR	 Fila:43 Columna:12
?	ERROR	 Fila:43 Columna:13
?	ERROR	 Fila:43 Columna:14
=	ERROR	 Fila:43 Columna:18
.	ERROR	 Fila:50 Columna:21
.	ERROR	 Fila:52 Columna:17
.	ERROR	 Fila:54 Columna:19
=	ERROR	 Fila:68 Columna:18
=	ERROR	 Fila:69 Columna:13
=	ERROR	 Fila:70 Columna:10
=	ERROR	 Fila:70 Columna:15
=	ERROR	 Fila:74 Columna:21
=	ERROR	 Fila:75 Columna:15
